<?xml version="1.0" encoding="UTF-8"?>
<!-- Generated by org.testng.reporters.JUnitReportReporter -->
<testsuite hostname="gauravabbi-laptop" name="test.simple.handler.TestLogHandler" tests="1" failures="0" timestamp="18 Aug 2011 08:10:17 GMT" time="83" errors="0">
  <testcase name="testHandle" time="83" classname="test.simple.handler.TestLogHandler"/>
</testsuite>
