<?xml version="1.0" encoding="UTF-8"?>
<!-- Generated by org.testng.reporters.JUnitReportReporter -->
<testsuite hostname="gauravabbi-laptop" name="test.simple.handler.TestLogHandlerWithMockito" tests="1" failures="0" timestamp="18 Aug 2011 11:43:53 GMT" time="104" errors="0">
  <testcase name="testHandle" time="104" classname="test.simple.handler.TestLogHandlerWithMockito"/>
</testsuite>
